<?xml version="1.0" encoding="UTF-8"?>
<!-- Generated by org.testng.reporters.JUnitReportReporter -->
<testsuite hostname="DESKTOP-S6FMTD2" failures="0" tests="4" name="testCases.HomePageTest" time="99.692" errors="0" timestamp="2021-04-14T22:53:13 IST" skipped="0">
  <testcase classname="testCases.HomePageTest" name="signInPage_01" time="27.150"/>
  <system-out/>
  <testcase classname="testCases.HomePageTest" name="contactUsPage_01" time="21.555"/>
  <system-out/>
  <testcase classname="testCases.HomePageTest" name="signInPage_01" time="25.237"/>
  <system-out/>
  <testcase classname="testCases.HomePageTest" name="signInPage_01" time="25.750"/>
  <system-out/>
</testsuite> <!-- testCases.HomePageTest -->
