<?xml version="1.0" encoding="UTF-8"?>
<!-- Generated by org.testng.reporters.JUnitReportReporter -->
<testsuite hostname="Admin-PC" failures="0" tests="2" name="testCases.CreateAccountTestCases" time="51.065" errors="0" timestamp="2021-03-31T00:44:06 IST" skipped="0">
  <testcase classname="testCases.CreateAccountTestCases" name="CreateAccountPageTest_01" time="25.566"/>
  <system-out/>
  <testcase classname="testCases.CreateAccountTestCases" name="CreateAccountPageTest_02" time="25.499"/>
  <system-out/>
</testsuite> <!-- testCases.CreateAccountTestCases -->
