<?xml version="1.0" encoding="UTF-8"?>
<!-- Generated by org.testng.reporters.JUnitReportReporter -->
<testsuite hostname="Admin-PC" failures="0" tests="1" name="testCases.TestExcelData" time="35.718" errors="0" timestamp="2021-03-28T00:21:54 IST" skipped="0">
  <testcase classname="testCases.TestExcelData" name="readExcel" time="35.718"/>
  <system-out/>
</testsuite> <!-- testCases.TestExcelData -->
