<?xml version="1.0" encoding="UTF-8"?>
<!-- Generated by org.testng.reporters.JUnitReportReporter -->
<testsuite hostname="Admin-PC" failures="0" tests="3" name="prac18Mar.Demo1" time="56.519" errors="0" timestamp="2021-03-20T15:03:35 IST" skipped="0">
  <testcase classname="prac18Mar.Demo1" name="ClickOnContactUs" time="15.733"/>
  <system-out/>
  <testcase classname="prac18Mar.Demo1" name="Test1" time="20.796"/>
  <system-out/>
  <testcase classname="prac18Mar.Demo1" name="Test" time="19.990"/>
  <system-out/>
</testsuite> <!-- prac18Mar.Demo1 -->
