<?xml version="1.0" encoding="UTF-8"?>
<!-- Generated by org.testng.reporters.JUnitReportReporter -->
<testsuite hostname="Admin-PC" failures="0" tests="1" name="testCases.SignInWithExcelData" time="30.163" errors="0" timestamp="2021-03-31T00:44:06 IST" skipped="0">
  <testcase classname="testCases.SignInWithExcelData" name="readExcel" time="30.163"/>
  <system-out/>
</testsuite> <!-- testCases.SignInWithExcelData -->
