<?xml version="1.0" encoding="UTF-8"?>
<!-- Generated by org.testng.reporters.JUnitReportReporter -->
<testsuite hostname="Admin-PC" failures="0" tests="2" name="prac19Mar.Demo1_ValidateWeb" time="27.570" errors="0" timestamp="2021-03-22T06:11:01 IST" skipped="0">
  <testcase classname="prac19Mar.Demo1_ValidateWeb" name="Test" time="15.084"/>
  <system-out/>
  <testcase classname="prac19Mar.Demo1_ValidateWeb" name="ClickOnContactUs" time="12.486"/>
  <system-out/>
</testsuite> <!-- prac19Mar.Demo1_ValidateWeb -->
