<?xml version="1.0" encoding="UTF-8"?>
<!-- Generated by org.testng.reporters.JUnitReportReporter -->
<testsuite hostname="Admin-PC" failures="0" tests="2" name="testCases.LogTest" time="0.010" errors="0" timestamp="2021-03-31T00:44:06 IST" skipped="0">
  <testcase classname="testCases.LogTest" name="Login_01" time="0.003"/>
  <system-out/>
  <testcase classname="testCases.LogTest" name="Login_02" time="0.007"/>
  <system-out/>
</testsuite> <!-- testCases.LogTest -->
