<?xml version="1.0" encoding="UTF-8"?>
<!-- Generated by org.testng.reporters.JUnitReportReporter -->
<testsuite hostname="Admin-PC" failures="0" tests="2" name="prac17March.Demo5" time="0.018" errors="0" timestamp="2021-03-20T01:31:09 IST" skipped="0">
  <testcase classname="prac17March.Demo5" name="test1" time="0.015"/>
  <system-out/>
  <testcase classname="prac17March.Demo5" name="test2" time="0.003"/>
  <system-out/>
</testsuite> <!-- prac17March.Demo5 -->
