<?xml version="1.0" encoding="UTF-8"?>
<!-- Generated by org.testng.reporters.JUnitReportReporter -->
<testsuite hostname="Admin-PC" failures="0" tests="1" name="testCases.WriteDataInto_a_LogFile" time="0.048" errors="0" timestamp="2021-03-29T22:50:59 IST" skipped="0">
  <testcase classname="testCases.WriteDataInto_a_LogFile" name="Print" time="0.048"/>
  <system-out/>
</testsuite> <!-- testCases.WriteDataInto_a_LogFile -->
