<?xml version="1.0" encoding="UTF-8"?>
<!-- Generated by org.testng.reporters.JUnitReportReporter -->
<testsuite hostname="Admin-PC" failures="0" tests="2" name="prac17March.Demo1" time="0.029" errors="0" timestamp="2021-03-20T00:22:47 IST" skipped="0">
  <testcase classname="prac17March.Demo1" name="test1" time="0.005"/>
  <system-out/>
  <testcase classname="prac17March.Demo1" name="test" time="0.024"/>
  <system-out/>
</testsuite> <!-- prac17March.Demo1 -->
