<?xml version="1.0" encoding="UTF-8"?>
<!-- Generated by org.testng.reporters.JUnitReportReporter -->
<testsuite hostname="Admin-PC" failures="0" tests="3" name="prac18Mar.Demo3_EnableDisable" time="33.245" errors="0" timestamp="2021-03-20T15:51:46 IST" skipped="1">
  <testcase classname="prac18Mar.Demo3_EnableDisable" name="Test" time="12.753"/>
  <system-out/>
  <testcase classname="prac18Mar.Demo3_EnableDisable" name="ClickOnContactUs" time="20.492"/>
  <system-out/>
  <testcase classname="prac18Mar.Demo3_EnableDisable" name="Test1">
    <skipped/>
  </testcase> <!-- Test1 -->
  <system-out/>
</testsuite> <!-- prac18Mar.Demo3_EnableDisable -->
