<?xml version="1.0" encoding="UTF-8"?>
<!-- Generated by org.testng.reporters.JUnitReportReporter -->
<testsuite hostname="Admin-PC" failures="0" tests="3" name="prac18Mar.Demo2_Priority" time="47.406" errors="0" timestamp="2021-03-20T15:45:17 IST" skipped="0">
  <testcase classname="prac18Mar.Demo2_Priority" name="Test" time="14.487"/>
  <system-out/>
  <testcase classname="prac18Mar.Demo2_Priority" name="Test1" time="18.089"/>
  <system-out/>
  <testcase classname="prac18Mar.Demo2_Priority" name="ClickOnContactUs" time="14.830"/>
  <system-out/>
</testsuite> <!-- prac18Mar.Demo2_Priority -->
