<?xml version="1.0" encoding="UTF-8"?>
<!-- Generated by org.testng.reporters.JUnitReportReporter -->
<testsuite hostname="Admin-PC" failures="0" tests="1" name="prac18Mar.Demo5_ValidateWeb" time="14.565" errors="0" timestamp="2021-03-22T05:39:55 IST" skipped="0">
  <testcase classname="prac18Mar.Demo5_ValidateWeb" name="Test" time="14.565"/>
  <system-out/>
</testsuite> <!-- prac18Mar.Demo5_ValidateWeb -->
