<?xml version="1.0" encoding="UTF-8"?>
<!-- Generated by org.testng.reporters.JUnitReportReporter -->
<testsuite hostname="Admin-PC" failures="0" tests="2" name="prac17March.Demo4" time="0.014" errors="0" timestamp="2021-03-20T01:03:42 IST" skipped="0">
  <testcase classname="prac17March.Demo4" name="test2" time="0.007"/>
  <system-out/>
  <testcase classname="prac17March.Demo4" name="test1" time="0.007"/>
  <system-out/>
</testsuite> <!-- prac17March.Demo4 -->
