<?xml version="1.0" encoding="UTF-8"?>
<!-- Generated by org.testng.reporters.JUnitReportReporter -->
<testsuite hostname="Admin-PC" failures="0" tests="3" name="prac18Mar.Demo5_ValidateWeb_Assert" time="45.068" errors="0" timestamp="2021-03-23T01:27:25 IST" skipped="0">
  <testcase classname="prac18Mar.Demo5_ValidateWeb_Assert" name="ClickOnContactUs" time="13.361"/>
  <system-out/>
  <testcase classname="prac18Mar.Demo5_ValidateWeb_Assert" name="Test1" time="13.618"/>
  <system-out/>
  <testcase classname="prac18Mar.Demo5_ValidateWeb_Assert" name="Test" time="18.089"/>
  <system-out/>
</testsuite> <!-- prac18Mar.Demo5_ValidateWeb_Assert -->
