<?xml version="1.0" encoding="UTF-8"?>
<!-- Generated by org.testng.reporters.JUnitReportReporter -->
<testsuite hostname="Admin-PC" failures="0" tests="2" name="prac16Mar.Demo" time="0.029" errors="0" timestamp="2021-03-20T00:01:32 IST" skipped="0">
  <testcase classname="prac16Mar.Demo" name="fun" time="0.025"/>
  <system-out/>
  <testcase classname="prac16Mar.Demo" name="fun2" time="0.004"/>
  <system-out/>
</testsuite> <!-- prac16Mar.Demo -->
