<?xml version="1.0" encoding="UTF-8"?>
<!-- Generated by org.testng.reporters.JUnitReportReporter -->
<testsuite skipped="0" hostname="DESKTOP-S6FMTD2" name="testCases.HomePageTest" tests="4" failures="0" timestamp="2021-04-14T02:23:13 IST" time="69.202" errors="0">
  <testcase name="signInPage_01" time="19.682" classname="testCases.HomePageTest"/>
  <system-out/>
  <testcase name="signInPage_01" time="17.045" classname="testCases.HomePageTest"/>
  <system-out/>
  <testcase name="contactUsPage_01" time="15.705" classname="testCases.HomePageTest"/>
  <system-out/>
  <testcase name="signInPage_01" time="16.770" classname="testCases.HomePageTest"/>
  <system-out/>
</testsuite> <!-- testCases.HomePageTest -->
