<?xml version="1.0" encoding="UTF-8"?>
<!-- Generated by org.testng.reporters.JUnitReportReporter -->
<testsuite skipped="0" hostname="DESKTOP-S6FMTD2" name="testCases.LogTest" tests="2" failures="0" timestamp="2021-04-14T02:23:13 IST" time="0.004" errors="0">
  <testcase name="Login_01" time="0.003" classname="testCases.LogTest"/>
  <system-out/>
  <testcase name="Login_02" time="0.001" classname="testCases.LogTest"/>
  <system-out/>
</testsuite> <!-- testCases.LogTest -->
